Using device: cuda:0
{'checkpoint': 'roberta-base',
 'ds_path': 'glue',
 'ds_name': 'sst2',
 'num_labels': 2,
 'num_clients': 100,
 'clients_per_round': 10,
 'alpha': 1.0,
 'batch_size': 8,
 'local_epochs': 15,
 'max_epochs': -1,
 'total_rounds': 200,
 'fda': False,
 'theta': 0.0,
 'extras': '',
 'server_opt_name': 'SGD',
 'server_opt_lr': 1.0,
 'client_opt_name': 'SGD',
 'client_opt_lr': 0.001}

{'round': 1, 'accuracy': 0.8944954128440367, 'testing_loss': 0.3067860778318633, 'training_loss': 0.3529915310719022, 'variance': 0.16807344555854797, 'avg_norm_sq_drifts': 0.26697608828544617, 'norm_sq_avg_drift': 0.0989026352763176, 'round_steps': 1320}
{'round': 2, 'accuracy': 0.8807339449541285, 'testing_loss': 0.37045184230654066, 'training_loss': 0.1440686299566049, 'variance': 0.3528592586517334, 'avg_norm_sq_drifts': 0.43967899680137634, 'norm_sq_avg_drift': 0.08681973814964294, 'round_steps': 1320}
{'round': 3, 'accuracy': 0.9162844036697247, 'testing_loss': 0.26657191838283056, 'training_loss': 0.12974662504687193, 'variance': 0.5193057656288147, 'avg_norm_sq_drifts': 0.6232835054397583, 'norm_sq_avg_drift': 0.10397771745920181, 'round_steps': 1320}
{'round': 4, 'accuracy': 0.9231651376146789, 'testing_loss': 0.25422780959730235, 'training_loss': 0.10553643034734486, 'variance': 0.5067256093025208, 'avg_norm_sq_drifts': 0.5860813856124878, 'norm_sq_avg_drift': 0.07935577630996704, 'round_steps': 1320}
{'round': 5, 'accuracy': 0.9139908256880734, 'testing_loss': 0.32084046642150765, 'training_loss': 0.049694888298163827, 'variance': 0.28525984287261963, 'avg_norm_sq_drifts': 0.32067835330963135, 'norm_sq_avg_drift': 0.03541851043701172, 'round_steps': 1320}
{'round': 6, 'accuracy': 0.8612385321100917, 'testing_loss': 0.6280525123760309, 'training_loss': 0.05471137706376876, 'variance': 0.33072948455810547, 'avg_norm_sq_drifts': 0.373037725687027, 'norm_sq_avg_drift': 0.04230823367834091, 'round_steps': 1320}
{'round': 7, 'accuracy': 0.9254587155963303, 'testing_loss': 0.2771672951420684, 'training_loss': 0.08930860272404528, 'variance': 0.49456071853637695, 'avg_norm_sq_drifts': 0.5624863505363464, 'norm_sq_avg_drift': 0.06792563199996948, 'round_steps': 1320}
{'round': 8, 'accuracy': 0.9277522935779816, 'testing_loss': 0.3056452896250006, 'training_loss': 0.07755316079102736, 'variance': 0.49012255668640137, 'avg_norm_sq_drifts': 0.554215133190155, 'norm_sq_avg_drift': 0.06409257650375366, 'round_steps': 1320}
{'round': 9, 'accuracy': 0.9254587155963303, 'testing_loss': 0.3437645305105626, 'training_loss': 0.05762947573009695, 'variance': 0.3646603524684906, 'avg_norm_sq_drifts': 0.4097972512245178, 'norm_sq_avg_drift': 0.045136887580156326, 'round_steps': 1320}
{'round': 10, 'accuracy': 0.9139908256880734, 'testing_loss': 0.37093705871332555, 'training_loss': 0.057077770703978216, 'variance': 0.3750276267528534, 'avg_norm_sq_drifts': 0.42126867175102234, 'norm_sq_avg_drift': 0.046241044998168945, 'round_steps': 1320}
{'round': 11, 'accuracy': 0.9128440366972477, 'testing_loss': 0.39749500536495486, 'training_loss': 0.052676672871009834, 'variance': 0.36796194314956665, 'avg_norm_sq_drifts': 0.4126417338848114, 'norm_sq_avg_drift': 0.044679783284664154, 'round_steps': 1320}
{'round': 12, 'accuracy': 0.9357798165137615, 'testing_loss': 0.27853688875527266, 'training_loss': 0.05620559436274396, 'variance': 0.3552834391593933, 'avg_norm_sq_drifts': 0.4004085659980774, 'norm_sq_avg_drift': 0.04512513428926468, 'round_steps': 1320}
{'round': 13, 'accuracy': 0.9139908256880734, 'testing_loss': 0.3988485540904974, 'training_loss': 0.0308616168952446, 'variance': 0.24442967772483826, 'avg_norm_sq_drifts': 0.27372869849205017, 'norm_sq_avg_drift': 0.029299015179276466, 'round_steps': 1320}
{'round': 14, 'accuracy': 0.9288990825688074, 'testing_loss': 0.34136667844242363, 'training_loss': 0.045451861141927744, 'variance': 0.3700672388076782, 'avg_norm_sq_drifts': 0.41517767310142517, 'norm_sq_avg_drift': 0.04511043429374695, 'round_steps': 1320}
{'round': 15, 'accuracy': 0.9403669724770642, 'testing_loss': 0.2754707606645502, 'training_loss': 0.041315813552728016, 'variance': 0.30839452147483826, 'avg_norm_sq_drifts': 0.3457717001438141, 'norm_sq_avg_drift': 0.03737717866897583, 'round_steps': 1320}
Finished Testing!
