Using device: cuda:1
{'checkpoint': 'roberta-base',
 'ds_path': 'glue',
 'ds_name': 'sst2',
 'num_labels': 2,
 'num_clients': 100,
 'clients_per_round': 10,
 'alpha': 1.0,
 'batch_size': 8,
 'local_epochs': 20,
 'max_epochs': -1,
 'total_rounds': 200,
 'fda': False,
 'theta': 0.0,
 'extras': '',
 'server_opt_name': 'Adam',
 'server_opt_lr': 0.0001,
 'client_opt_name': 'SGD',
 'client_opt_lr': 0.0001}

{'round': 1, 'accuracy': 0.5389908256880734, 'testing_loss': 0.6794273142420918, 'training_loss': 0.44574072576659757, 'variance': 0.01416950486600399, 'avg_norm_sq_drifts': 0.016396526247262955, 'norm_sq_avg_drift': 0.002227021846920252, 'round_steps': 1760}
{'round': 2, 'accuracy': 0.7041284403669725, 'testing_loss': 0.5358133307837565, 'training_loss': 0.24582398378033593, 'variance': 0.015737459063529968, 'avg_norm_sq_drifts': 0.027734672650694847, 'norm_sq_avg_drift': 0.011997212655842304, 'round_steps': 1760}
{'round': 3, 'accuracy': 0.8990825688073395, 'testing_loss': 0.33790164127296535, 'training_loss': 0.16456411422452555, 'variance': 0.019596140831708908, 'avg_norm_sq_drifts': 0.0310912374407053, 'norm_sq_avg_drift': 0.011495097540318966, 'round_steps': 1760}
{'round': 4, 'accuracy': 0.9185779816513762, 'testing_loss': 0.3846047717347365, 'training_loss': 0.11693210871107032, 'variance': 0.023138679563999176, 'avg_norm_sq_drifts': 0.028057629242539406, 'norm_sq_avg_drift': 0.00491894967854023, 'round_steps': 1760}
{'round': 5, 'accuracy': 0.930045871559633, 'testing_loss': 0.35378447240709815, 'training_loss': 0.07522743095338227, 'variance': 0.019213929772377014, 'avg_norm_sq_drifts': 0.02233259379863739, 'norm_sq_avg_drift': 0.0031186630949378014, 'round_steps': 1760}
{'round': 6, 'accuracy': 0.9105504587155964, 'testing_loss': 0.42947175248083874, 'training_loss': 0.07557784246022824, 'variance': 0.020571677014231682, 'avg_norm_sq_drifts': 0.02457146905362606, 'norm_sq_avg_drift': 0.003999792039394379, 'round_steps': 1760}
{'round': 7, 'accuracy': 0.9197247706422018, 'testing_loss': 0.3205000997153581, 'training_loss': 0.10472509776224219, 'variance': 0.026909559965133667, 'avg_norm_sq_drifts': 0.03124818578362465, 'norm_sq_avg_drift': 0.0043386248871684074, 'round_steps': 1760}
{'round': 8, 'accuracy': 0.9334862385321101, 'testing_loss': 0.24120402352888684, 'training_loss': 0.08482841199237803, 'variance': 0.022357545793056488, 'avg_norm_sq_drifts': 0.02587239444255829, 'norm_sq_avg_drift': 0.003514849115163088, 'round_steps': 1760}
{'round': 9, 'accuracy': 0.9288990825688074, 'testing_loss': 0.24242359232328353, 'training_loss': 0.06864085068205235, 'variance': 0.018210511654615402, 'avg_norm_sq_drifts': 0.02079598605632782, 'norm_sq_avg_drift': 0.0025854746345430613, 'round_steps': 1760}
{'round': 10, 'accuracy': 0.9254587155963303, 'testing_loss': 0.28902613144333755, 'training_loss': 0.0663598298358606, 'variance': 0.01720368303358555, 'avg_norm_sq_drifts': 0.019844334572553635, 'norm_sq_avg_drift': 0.0026406515389680862, 'round_steps': 1760}
{'round': 11, 'accuracy': 0.9208715596330275, 'testing_loss': 0.37067846162191276, 'training_loss': 0.04773698200353134, 'variance': 0.015756553038954735, 'avg_norm_sq_drifts': 0.01803703047335148, 'norm_sq_avg_drift': 0.002280476735904813, 'round_steps': 1760}
{'round': 12, 'accuracy': 0.9243119266055045, 'testing_loss': 0.3678513189525143, 'training_loss': 0.05267769550952174, 'variance': 0.015716662630438805, 'avg_norm_sq_drifts': 0.01829223893582821, 'norm_sq_avg_drift': 0.0025755760725587606, 'round_steps': 1760}
{'round': 13, 'accuracy': 0.9288990825688074, 'testing_loss': 0.36381194113092624, 'training_loss': 0.030705630508771054, 'variance': 0.010847650468349457, 'avg_norm_sq_drifts': 0.012284723110496998, 'norm_sq_avg_drift': 0.0014370727585628629, 'round_steps': 1760}
{'round': 14, 'accuracy': 0.9288990825688074, 'testing_loss': 0.35174990169503173, 'training_loss': 0.0360330428764709, 'variance': 0.01370182354003191, 'avg_norm_sq_drifts': 0.015555644407868385, 'norm_sq_avg_drift': 0.0018538207514211535, 'round_steps': 1760}
{'round': 15, 'accuracy': 0.9311926605504587, 'testing_loss': 0.3183876579606568, 'training_loss': 0.03098392290771368, 'variance': 0.012549541890621185, 'avg_norm_sq_drifts': 0.014303808100521564, 'norm_sq_avg_drift': 0.0017542666755616665, 'round_steps': 1760}
{'round': 16, 'accuracy': 0.9288990825688074, 'testing_loss': 0.3160689126974113, 'training_loss': 0.03329626927490939, 'variance': 0.01321018859744072, 'avg_norm_sq_drifts': 0.014892230741679668, 'norm_sq_avg_drift': 0.0016820421442389488, 'round_steps': 1760}
{'round': 17, 'accuracy': 0.9277522935779816, 'testing_loss': 0.31073092769910454, 'training_loss': 0.040751913870570367, 'variance': 0.012778961099684238, 'avg_norm_sq_drifts': 0.014471768401563168, 'norm_sq_avg_drift': 0.0016928075347095728, 'round_steps': 1760}
{'round': 18, 'accuracy': 0.9311926605504587, 'testing_loss': 0.31470098630861604, 'training_loss': 0.03427092843049898, 'variance': 0.012907581403851509, 'avg_norm_sq_drifts': 0.014556086622178555, 'norm_sq_avg_drift': 0.00164850486908108, 'round_steps': 1760}
{'round': 19, 'accuracy': 0.9380733944954128, 'testing_loss': 0.304210382412239, 'training_loss': 0.03764834841159096, 'variance': 0.013529764488339424, 'avg_norm_sq_drifts': 0.015307659283280373, 'norm_sq_avg_drift': 0.0017778950277715921, 'round_steps': 1760}
{'round': 20, 'accuracy': 0.9380733944954128, 'testing_loss': 0.3034456061538941, 'training_loss': 0.030412691777437433, 'variance': 0.010760629549622536, 'avg_norm_sq_drifts': 0.0121340062469244, 'norm_sq_avg_drift': 0.0013733768137171865, 'round_steps': 1760}
{'round': 21, 'accuracy': 0.9403669724770642, 'testing_loss': 0.3011588056909813, 'training_loss': 0.024883246218545204, 'variance': 0.010011410340666771, 'avg_norm_sq_drifts': 0.011135130189359188, 'norm_sq_avg_drift': 0.001123719965107739, 'round_steps': 1760}
Finished Testing!
