Using device: cuda:1
{'checkpoint': 'roberta-base',
 'ds_path': 'glue',
 'ds_name': 'sst2',
 'num_labels': 2,
 'num_clients': 100,
 'clients_per_round': 10,
 'alpha': 1.0,
 'batch_size': 8,
 'local_epochs': 20,
 'max_epochs': -1,
 'total_rounds': 200,
 'fda': False,
 'theta': 0.0,
 'extras': '',
 'server_opt_name': 'SGD',
 'server_opt_lr': 1.0,
 'client_opt_name': 'SGD',
 'client_opt_lr': 0.001}

{'round': 1, 'accuracy': 0.908256880733945, 'testing_loss': 0.2605812287111895, 'training_loss': 0.30104289803456846, 'variance': 0.33035263419151306, 'avg_norm_sq_drifts': 0.4942912757396698, 'norm_sq_avg_drift': 0.16393864154815674, 'round_steps': 1760}
{'round': 2, 'accuracy': 0.9185779816513762, 'testing_loss': 0.27221054943927797, 'training_loss': 0.10157630004832423, 'variance': 0.46954458951950073, 'avg_norm_sq_drifts': 0.5684717893600464, 'norm_sq_avg_drift': 0.09892719984054565, 'round_steps': 1760}
{'round': 3, 'accuracy': 0.9311926605504587, 'testing_loss': 0.25468025978765696, 'training_loss': 0.10725875557835189, 'variance': 0.6438427567481995, 'avg_norm_sq_drifts': 0.7614254951477051, 'norm_sq_avg_drift': 0.1175827607512474, 'round_steps': 1760}
{'round': 4, 'accuracy': 0.9231651376146789, 'testing_loss': 0.2924832229944664, 'training_loss': 0.07499824668471278, 'variance': 0.6051892042160034, 'avg_norm_sq_drifts': 0.6965372562408447, 'norm_sq_avg_drift': 0.0913480818271637, 'round_steps': 1760}
{'round': 5, 'accuracy': 0.9231651376146789, 'testing_loss': 0.3326990911451386, 'training_loss': 0.038476829302775184, 'variance': 0.3373219966888428, 'avg_norm_sq_drifts': 0.379220187664032, 'norm_sq_avg_drift': 0.04189818352460861, 'round_steps': 1760}
{'round': 6, 'accuracy': 0.8669724770642202, 'testing_loss': 0.6574406458883025, 'training_loss': 0.040857834398581296, 'variance': 0.3659190237522125, 'avg_norm_sq_drifts': 0.4124012887477875, 'norm_sq_avg_drift': 0.04648226872086525, 'round_steps': 1760}
{'round': 7, 'accuracy': 0.9254587155963303, 'testing_loss': 0.2979597244590602, 'training_loss': 0.0742723919849579, 'variance': 0.6627205610275269, 'avg_norm_sq_drifts': 0.7543770670890808, 'norm_sq_avg_drift': 0.09165652841329575, 'round_steps': 1760}
{'round': 8, 'accuracy': 0.9288990825688074, 'testing_loss': 0.3030702464037934, 'training_loss': 0.06128034900090494, 'variance': 0.6050263047218323, 'avg_norm_sq_drifts': 0.6833109259605408, 'norm_sq_avg_drift': 0.0782846063375473, 'round_steps': 1760}
{'round': 9, 'accuracy': 0.9254587155963303, 'testing_loss': 0.32995108965746395, 'training_loss': 0.04873844921653968, 'variance': 0.504228949546814, 'avg_norm_sq_drifts': 0.565879225730896, 'norm_sq_avg_drift': 0.061650291085243225, 'round_steps': 1760}
{'round': 10, 'accuracy': 0.9094036697247706, 'testing_loss': 0.4024586778761842, 'training_loss': 0.0450737923921559, 'variance': 0.4396231770515442, 'avg_norm_sq_drifts': 0.49260184168815613, 'norm_sq_avg_drift': 0.052978672087192535, 'round_steps': 1760}
{'round': 11, 'accuracy': 0.9059633027522935, 'testing_loss': 0.4283516778655504, 'training_loss': 0.04108989690047855, 'variance': 0.4334203898906708, 'avg_norm_sq_drifts': 0.48592090606689453, 'norm_sq_avg_drift': 0.052500512450933456, 'round_steps': 1760}
{'round': 12, 'accuracy': 0.9323394495412844, 'testing_loss': 0.30817710237530566, 'training_loss': 0.04136464032024295, 'variance': 0.4333935081958771, 'avg_norm_sq_drifts': 0.48820433020591736, 'norm_sq_avg_drift': 0.05481082573533058, 'round_steps': 1760}
{'round': 13, 'accuracy': 0.908256880733945, 'testing_loss': 0.4139715534677743, 'training_loss': 0.022690693620879755, 'variance': 0.2678143382072449, 'avg_norm_sq_drifts': 0.29976946115493774, 'norm_sq_avg_drift': 0.031955111771821976, 'round_steps': 1760}
{'round': 14, 'accuracy': 0.9243119266055045, 'testing_loss': 0.37482337367037627, 'training_loss': 0.03388954528135029, 'variance': 0.3694913983345032, 'avg_norm_sq_drifts': 0.41305842995643616, 'norm_sq_avg_drift': 0.043567027896642685, 'round_steps': 1760}
{'round': 15, 'accuracy': 0.9438073394495413, 'testing_loss': 0.3044947466846804, 'training_loss': 0.03194260067881384, 'variance': 0.37301793694496155, 'avg_norm_sq_drifts': 0.41767311096191406, 'norm_sq_avg_drift': 0.04465516656637192, 'round_steps': 1760}
Finished Testing!
