Using device: cuda:0
{'checkpoint': 'roberta-base',
 'ds_path': 'glue',
 'ds_name': 'sst2',
 'num_labels': 2,
 'num_clients': 100,
 'clients_per_round': 10,
 'alpha': 1.0,
 'batch_size': 8,
 'local_epochs': 1,
 'max_epochs': 28,
 'total_rounds': 200,
 'fda': True,
 'theta': 0.0,
 'extras': '',
 'server_opt_name': 'Adam',
 'server_opt_lr': 0.0001,
 'client_opt_name': 'SGD',
 'client_opt_lr': 0.0001}

{'round': 1, 'accuracy': 0.4908256880733945, 'testing_loss': 0.750262629548344, 'training_loss': 0.6131550418382341, 'variance': 0.0010036120656877756, 'avg_norm_sq_drifts': 0.0010158477816730738, 'norm_sq_avg_drift': 1.2235770554980263e-05, 'round_steps': 88}
{'round': 2, 'accuracy': 0.6811926605504587, 'testing_loss': 0.6525730474279561, 'training_loss': 0.3589905660349003, 'variance': 0.013494858518242836, 'avg_norm_sq_drifts': 0.02076454646885395, 'norm_sq_avg_drift': 0.007269688416272402, 'round_steps': 1320}
{'round': 3, 'accuracy': 0.6697247706422018, 'testing_loss': 0.6121695842081254, 'training_loss': 0.3223643196021445, 'variance': 0.01152317225933075, 'avg_norm_sq_drifts': 0.030437326058745384, 'norm_sq_avg_drift': 0.018914153799414635, 'round_steps': 1496}
{'round': 4, 'accuracy': 0.8910550458715596, 'testing_loss': 0.386653624500635, 'training_loss': 0.19632308853016617, 'variance': 0.009199375286698341, 'avg_norm_sq_drifts': 0.016115467995405197, 'norm_sq_avg_drift': 0.0069160922430455685, 'round_steps': 968}
{'round': 5, 'accuracy': 0.911697247706422, 'testing_loss': 0.37727678064983167, 'training_loss': 0.09328518944927386, 'variance': 0.011748719960451126, 'avg_norm_sq_drifts': 0.013810436241328716, 'norm_sq_avg_drift': 0.0020617160480469465, 'round_steps': 1408}
{'round': 6, 'accuracy': 0.911697247706422, 'testing_loss': 0.38021766493489983, 'training_loss': 0.11618757567137969, 'variance': 0.01075242180377245, 'avg_norm_sq_drifts': 0.013507264666259289, 'norm_sq_avg_drift': 0.0027548426296561956, 'round_steps': 792}
{'round': 7, 'accuracy': 0.9277522935779816, 'testing_loss': 0.2606628279398204, 'training_loss': 0.14812489186022415, 'variance': 0.017605479806661606, 'avg_norm_sq_drifts': 0.02118663862347603, 'norm_sq_avg_drift': 0.0035811583511531353, 'round_steps': 1144}
{'round': 8, 'accuracy': 0.926605504587156, 'testing_loss': 0.225346993221346, 'training_loss': 0.10726457265916003, 'variance': 0.01948772743344307, 'avg_norm_sq_drifts': 0.02279706671833992, 'norm_sq_avg_drift': 0.0033093392848968506, 'round_steps': 1496}
{'round': 9, 'accuracy': 0.9288990825688074, 'testing_loss': 0.22076630748278642, 'training_loss': 0.08050237585154132, 'variance': 0.016369270160794258, 'avg_norm_sq_drifts': 0.01874212920665741, 'norm_sq_avg_drift': 0.002372858813032508, 'round_steps': 1584}
{'round': 10, 'accuracy': 0.9243119266055045, 'testing_loss': 0.27381969857085153, 'training_loss': 0.08172837726612911, 'variance': 0.013568472117185593, 'avg_norm_sq_drifts': 0.015779534354805946, 'norm_sq_avg_drift': 0.00221106200478971, 'round_steps': 1408}
{'round': 11, 'accuracy': 0.8807339449541285, 'testing_loss': 0.47564427686829563, 'training_loss': 0.06770960902258978, 'variance': 0.01219703909009695, 'avg_norm_sq_drifts': 0.013960273936390877, 'norm_sq_avg_drift': 0.001763234962709248, 'round_steps': 1320}
{'round': 12, 'accuracy': 0.9013761467889908, 'testing_loss': 0.45830708208767307, 'training_loss': 0.07317527562123809, 'variance': 0.01156851090490818, 'avg_norm_sq_drifts': 0.013875111937522888, 'norm_sq_avg_drift': 0.0023066014982759953, 'round_steps': 1232}
{'round': 13, 'accuracy': 0.9185779816513762, 'testing_loss': 0.39776720899667745, 'training_loss': 0.038250593187498114, 'variance': 0.011796423234045506, 'avg_norm_sq_drifts': 0.013330275192856789, 'norm_sq_avg_drift': 0.0015338518423959613, 'round_steps': 1760}
{'round': 14, 'accuracy': 0.9243119266055045, 'testing_loss': 0.3438850708061257, 'training_loss': 0.06138208818260947, 'variance': 0.00890252273529768, 'avg_norm_sq_drifts': 0.010242491960525513, 'norm_sq_avg_drift': 0.0013399688759818673, 'round_steps': 880}
{'round': 15, 'accuracy': 0.9357798165137615, 'testing_loss': 0.31109099635195386, 'training_loss': 0.03592568521955649, 'variance': 0.013105041347444057, 'avg_norm_sq_drifts': 0.014813999645411968, 'norm_sq_avg_drift': 0.001708958181552589, 'round_steps': 1760}
{'round': 16, 'accuracy': 0.9346330275229358, 'testing_loss': 0.29350637476020836, 'training_loss': 0.04764649298297144, 'variance': 0.009660263545811176, 'avg_norm_sq_drifts': 0.011106087826192379, 'norm_sq_avg_drift': 0.0014458246296271682, 'round_steps': 1232}
{'round': 17, 'accuracy': 0.930045871559633, 'testing_loss': 0.2758460981769214, 'training_loss': 0.05303802459463099, 'variance': 0.010091600939631462, 'avg_norm_sq_drifts': 0.011396105401217937, 'norm_sq_avg_drift': 0.0013045048108324409, 'round_steps': 1232}
{'round': 18, 'accuracy': 0.926605504587156, 'testing_loss': 0.27172577682532234, 'training_loss': 0.049189337819434624, 'variance': 0.010483630932867527, 'avg_norm_sq_drifts': 0.011715085245668888, 'norm_sq_avg_drift': 0.001231454312801361, 'round_steps': 1232}
{'round': 19, 'accuracy': 0.9311926605504587, 'testing_loss': 0.26703849460592133, 'training_loss': 0.05089784930858884, 'variance': 0.010985803790390491, 'avg_norm_sq_drifts': 0.012534297071397305, 'norm_sq_avg_drift': 0.0015484933974221349, 'round_steps': 1408}
{'round': 20, 'accuracy': 0.9334862385321101, 'testing_loss': 0.27796439815728086, 'training_loss': 0.036372358812815996, 'variance': 0.010087819769978523, 'avg_norm_sq_drifts': 0.011347508989274502, 'norm_sq_avg_drift': 0.0012596893357113004, 'round_steps': 1672}
{'round': 21, 'accuracy': 0.9357798165137615, 'testing_loss': 0.29762453244493875, 'training_loss': 0.03294867054508139, 'variance': 0.007694621104747057, 'avg_norm_sq_drifts': 0.008653911761939526, 'norm_sq_avg_drift': 0.0009592906571924686, 'round_steps': 1320}
{'round': 22, 'accuracy': 0.9380733944954128, 'testing_loss': 0.32705013832937685, 'training_loss': 0.030993192694168326, 'variance': 0.007552559021860361, 'avg_norm_sq_drifts': 0.008511913008987904, 'norm_sq_avg_drift': 0.0009593538125045598, 'round_steps': 1232}
{'round': 23, 'accuracy': 0.9392201834862385, 'testing_loss': 0.34692217565743455, 'training_loss': 0.024031453170045382, 'variance': 0.007649917155504227, 'avg_norm_sq_drifts': 0.008670983836054802, 'norm_sq_avg_drift': 0.0010210666805505753, 'round_steps': 1408}
Finished Testing!
