Using device: cuda:1
{'checkpoint': 'roberta-base',
 'ds_path': 'glue',
 'ds_name': 'sst2',
 'num_labels': 2,
 'num_clients': 100,
 'clients_per_round': 10,
 'alpha': 1.0,
 'batch_size': 8,
 'local_epochs': 1,
 'max_epochs': 28,
 'total_rounds': 200,
 'fda': True,
 'theta': 0.0,
 'extras': '',
 'server_opt_name': 'AdamW',
 'server_opt_lr': 0.0001,
 'client_opt_name': 'SGD',
 'client_opt_lr': 0.0001}

{'round': 1, 'accuracy': 0.4908256880733945, 'testing_loss': 0.7502623326187834, 'training_loss': 0.6131550418382341, 'variance': 0.0010036120656877756, 'avg_norm_sq_drifts': 0.0010158477816730738, 'norm_sq_avg_drift': 1.2235770554980263e-05, 'round_steps': 88}
{'round': 2, 'accuracy': 0.6811926605504587, 'testing_loss': 0.6525732639732711, 'training_loss': 0.3589908510839891, 'variance': 0.013494905084371567, 'avg_norm_sq_drifts': 0.02076459489762783, 'norm_sq_avg_drift': 0.007269689347594976, 'round_steps': 1320}
{'round': 3, 'accuracy': 0.676605504587156, 'testing_loss': 0.6046707049148892, 'training_loss': 0.32240226619340306, 'variance': 0.01159849762916565, 'avg_norm_sq_drifts': 0.030513057485222816, 'norm_sq_avg_drift': 0.018914559856057167, 'round_steps': 1496}
{'round': 4, 'accuracy': 0.8830275229357798, 'testing_loss': 0.409749077658656, 'training_loss': 0.19154178073724992, 'variance': 0.010452602989971638, 'avg_norm_sq_drifts': 0.018259666860103607, 'norm_sq_avg_drift': 0.0078070638701319695, 'round_steps': 1056}
{'round': 5, 'accuracy': 0.9174311926605505, 'testing_loss': 0.3833395297395561, 'training_loss': 0.0911940077809876, 'variance': 0.012075423263013363, 'avg_norm_sq_drifts': 0.014206069521605968, 'norm_sq_avg_drift': 0.002130646025761962, 'round_steps': 1408}
{'round': 6, 'accuracy': 0.908256880733945, 'testing_loss': 0.40323707056893976, 'training_loss': 0.11103799540760215, 'variance': 0.011100873351097107, 'avg_norm_sq_drifts': 0.013683787547051907, 'norm_sq_avg_drift': 0.002582913963124156, 'round_steps': 968}
{'round': 7, 'accuracy': 0.9277522935779816, 'testing_loss': 0.2646560016485495, 'training_loss': 0.15558690440654374, 'variance': 0.014801189303398132, 'avg_norm_sq_drifts': 0.017967572435736656, 'norm_sq_avg_drift': 0.003166383132338524, 'round_steps': 968}
