Using device: cuda:1
{'checkpoint': 'roberta-base',
 'ds_path': 'glue',
 'ds_name': 'sst2',
 'num_labels': 2,
 'num_clients': 100,
 'clients_per_round': 10,
 'alpha': 1.0,
 'batch_size': 8,
 'local_epochs': 1,
 'max_epochs': 88,
 'total_rounds': 200,
 'fda': True,
 'theta': 0.0,
 'extras': '',
 'server_opt_name': 'AdamW',
 'server_opt_lr': 0.0001,
 'client_opt_name': 'SGD',
 'client_opt_lr': 0.0001}

{'round': 1, 'accuracy': 0.4908256880733945, 'testing_loss': 0.7502623326187834, 'training_loss': 0.6131550418382341, 'variance': 0.0010036120656877756, 'avg_norm_sq_drifts': 0.0010158477816730738, 'norm_sq_avg_drift': 1.2235770554980263e-05, 'round_steps': 88}
{'round': 2, 'accuracy': 0.4908256880733945, 'testing_loss': 0.6806927071798832, 'training_loss': 0.2653458396830835, 'variance': 0.04371779039502144, 'avg_norm_sq_drifts': 0.07991360127925873, 'norm_sq_avg_drift': 0.03619581088423729, 'round_steps': 5456}
{'round': 3, 'accuracy': 0.9059633027522935, 'testing_loss': 0.2590312428020556, 'training_loss': 0.16796329254403095, 'variance': 0.031011482700705528, 'avg_norm_sq_drifts': 0.05669444799423218, 'norm_sq_avg_drift': 0.02568296529352665, 'round_steps': 2552}
{'round': 4, 'accuracy': 0.9254587155963303, 'testing_loss': 0.35283324672678196, 'training_loss': 0.08799428719939263, 'variance': 0.047213442623615265, 'avg_norm_sq_drifts': 0.061377134174108505, 'norm_sq_avg_drift': 0.01416369155049324, 'round_steps': 3696}
{'round': 5, 'accuracy': 0.9334862385321101, 'testing_loss': 0.4115252849900104, 'training_loss': 0.032969678567607276, 'variance': 0.04915548488497734, 'avg_norm_sq_drifts': 0.05776175484061241, 'norm_sq_avg_drift': 0.00860626995563507, 'round_steps': 7568}
{'round': 6, 'accuracy': 0.926605504587156, 'testing_loss': 0.4538838421528595, 'training_loss': 0.09030066145863784, 'variance': 0.025294732302427292, 'avg_norm_sq_drifts': 0.030061975121498108, 'norm_sq_avg_drift': 0.004767241887748241, 'round_steps': 1760}
{'round': 7, 'accuracy': 0.9231651376146789, 'testing_loss': 0.42710987346806484, 'training_loss': 0.09375436509530402, 'variance': 0.05618526414036751, 'avg_norm_sq_drifts': 0.06599277257919312, 'norm_sq_avg_drift': 0.009807509370148182, 'round_steps': 3080}
{'round': 8, 'accuracy': 0.9254587155963303, 'testing_loss': 0.34446895755442936, 'training_loss': 0.04069955758892472, 'variance': 0.07026591897010803, 'avg_norm_sq_drifts': 0.08125994354486465, 'norm_sq_avg_drift': 0.010994020849466324, 'round_steps': 6512}
{'round': 9, 'accuracy': 0.9288990825688074, 'testing_loss': 0.2776268825827833, 'training_loss': 0.03585843958026026, 'variance': 0.04176093265414238, 'avg_norm_sq_drifts': 0.04744536802172661, 'norm_sq_avg_drift': 0.005684434436261654, 'round_steps': 4576}
{'round': 10, 'accuracy': 0.9392201834862385, 'testing_loss': 0.25977495717500987, 'training_loss': 0.03575507584843621, 'variance': 0.03550379350781441, 'avg_norm_sq_drifts': 0.04057794809341431, 'norm_sq_avg_drift': 0.005074155051261187, 'round_steps': 4312}
Finished Testing!
