Using device: cuda:1
{'checkpoint': 'roberta-base',
 'ds_path': 'glue',
 'ds_name': 'sst2',
 'num_labels': 2,
 'num_clients': 100,
 'clients_per_round': 10,
 'alpha': 1.0,
 'batch_size': 8,
 'local_epochs': 1,
 'max_epochs': 88,
 'total_rounds': 200,
 'fda': True,
 'theta': 0.0,
 'extras': '',
 'server_opt_name': 'SGD',
 'server_opt_momentum': 0.9,
 'server_opt_lr': 1.0,
 'client_opt_name': 'SGD',
 'client_opt_lr': 0.0001}

{'round': 1, 'accuracy': 0.4908256880733945, 'testing_loss': 0.705612155822439, 'training_loss': 0.6131550418382341, 'variance': 0.0010036120656877756, 'avg_norm_sq_drifts': 0.0010158477816730738, 'norm_sq_avg_drift': 1.2235770554980263e-05, 'round_steps': 88}
{'round': 2, 'accuracy': 0.5091743119266054, 'testing_loss': 0.7701076364845311, 'training_loss': 0.29546362294541995, 'variance': 0.04149886965751648, 'avg_norm_sq_drifts': 0.06880602240562439, 'norm_sq_avg_drift': 0.02730715274810791, 'round_steps': 7744}
{'round': 3, 'accuracy': 0.9048165137614679, 'testing_loss': 0.3596849329513284, 'training_loss': 0.19887745162950052, 'variance': 0.019575953483581543, 'avg_norm_sq_drifts': 0.03786979988217354, 'norm_sq_avg_drift': 0.018293846398591995, 'round_steps': 1672}
{'round': 4, 'accuracy': 0.9128440366972477, 'testing_loss': 0.5089335991750544, 'training_loss': 0.10791811354814432, 'variance': 0.04626506567001343, 'avg_norm_sq_drifts': 0.05800676345825195, 'norm_sq_avg_drift': 0.011741699650883675, 'round_steps': 2992}
{'round': 5, 'accuracy': 0.9323394495412844, 'testing_loss': 0.445376648394062, 'training_loss': 0.036040581537344615, 'variance': 0.05716726928949356, 'avg_norm_sq_drifts': 0.06653907150030136, 'norm_sq_avg_drift': 0.009371800348162651, 'round_steps': 7744}
{'round': 6, 'accuracy': 0.8268348623853211, 'testing_loss': 0.8447475667911798, 'training_loss': 0.0778044349331105, 'variance': 0.02894522435963154, 'avg_norm_sq_drifts': 0.035023268312215805, 'norm_sq_avg_drift': 0.006078044418245554, 'round_steps': 2112}
{'round': 7, 'accuracy': 0.9025229357798165, 'testing_loss': 0.37710981792716924, 'training_loss': 0.09112104443585325, 'variance': 0.05346843600273132, 'avg_norm_sq_drifts': 0.06464775651693344, 'norm_sq_avg_drift': 0.011179318651556969, 'round_steps': 3168}
{'round': 8, 'accuracy': 0.9174311926605505, 'testing_loss': 0.3490867169786241, 'training_loss': 0.05558742480655839, 'variance': 0.06461299955844879, 'avg_norm_sq_drifts': 0.07744347304105759, 'norm_sq_avg_drift': 0.01283047441393137, 'round_steps': 5104}
{'round': 9, 'accuracy': 0.9128440366972477, 'testing_loss': 0.5390544471348104, 'training_loss': 0.04124405950265576, 'variance': 0.04892636090517044, 'avg_norm_sq_drifts': 0.05683927610516548, 'norm_sq_avg_drift': 0.007912913337349892, 'round_steps': 4928}
{'round': 10, 'accuracy': 0.9162844036697247, 'testing_loss': 0.5841606342202227, 'training_loss': 0.05366903017810008, 'variance': 0.0388394333422184, 'avg_norm_sq_drifts': 0.0454547144472599, 'norm_sq_avg_drift': 0.006615280173718929, 'round_steps': 3608}
{'round': 11, 'accuracy': 0.8669724770642202, 'testing_loss': 0.8573102602077856, 'training_loss': 0.038460921551745283, 'variance': 0.04211096465587616, 'avg_norm_sq_drifts': 0.04893466830253601, 'norm_sq_avg_drift': 0.0068237027153372765, 'round_steps': 4400}
{'round': 12, 'accuracy': 0.9151376146788991, 'testing_loss': 0.36274362544488686, 'training_loss': 0.058246710505761745, 'variance': 0.03682861477136612, 'avg_norm_sq_drifts': 0.04443958401679993, 'norm_sq_avg_drift': 0.007610970642417669, 'round_steps': 3256}
{'round': 13, 'accuracy': 0.9277522935779816, 'testing_loss': 0.3343230661187949, 'training_loss': 0.016786520065564935, 'variance': 0.03651558607816696, 'avg_norm_sq_drifts': 0.0420684814453125, 'norm_sq_avg_drift': 0.005552894435822964, 'round_steps': 7744}
{'round': 14, 'accuracy': 0.9243119266055045, 'testing_loss': 0.3652390743379637, 'training_loss': 0.06274769722128057, 'variance': 0.018862079828977585, 'avg_norm_sq_drifts': 0.022112160921096802, 'norm_sq_avg_drift': 0.0032500808592885733, 'round_steps': 1760}
{'round': 15, 'accuracy': 0.926605504587156, 'testing_loss': 0.40991687421433826, 'training_loss': 0.022791654887065825, 'variance': 0.04164338484406471, 'avg_norm_sq_drifts': 0.049490924924612045, 'norm_sq_avg_drift': 0.007847540080547333, 'round_steps': 6600}
{'round': 16, 'accuracy': 0.9243119266055045, 'testing_loss': 0.4760588587957475, 'training_loss': 0.042671617559265455, 'variance': 0.024797853082418442, 'avg_norm_sq_drifts': 0.028397211804986, 'norm_sq_avg_drift': 0.003599358256906271, 'round_steps': 2816}
{'round': 17, 'accuracy': 0.9197247706422018, 'testing_loss': 0.4542590877525639, 'training_loss': 0.04244922740248215, 'variance': 0.033916011452674866, 'avg_norm_sq_drifts': 0.03958950564265251, 'norm_sq_avg_drift': 0.0056734937243163586, 'round_steps': 3608}
{'round': 18, 'accuracy': 0.9254587155963303, 'testing_loss': 0.41030184696487887, 'training_loss': 0.03315350763559815, 'variance': 0.03627704456448555, 'avg_norm_sq_drifts': 0.04212206229567528, 'norm_sq_avg_drift': 0.005845016334205866, 'round_steps': 4400}
{'round': 19, 'accuracy': 0.926605504587156, 'testing_loss': 0.382035571804617, 'training_loss': 0.04289886723067872, 'variance': 0.031756751239299774, 'avg_norm_sq_drifts': 0.03658612072467804, 'norm_sq_avg_drift': 0.004829371348023415, 'round_steps': 3432}
{'round': 20, 'accuracy': 0.9288990825688074, 'testing_loss': 0.3645556871457352, 'training_loss': 0.019595207766183044, 'variance': 0.035746436566114426, 'avg_norm_sq_drifts': 0.040962107479572296, 'norm_sq_avg_drift': 0.005215672310441732, 'round_steps': 6776}
{'round': 21, 'accuracy': 0.930045871559633, 'testing_loss': 0.3604146514579276, 'training_loss': 0.0356090503164266, 'variance': 0.0204644612967968, 'avg_norm_sq_drifts': 0.023465771228075027, 'norm_sq_avg_drift': 0.0030013106297701597, 'round_steps': 2552}
{'round': 22, 'accuracy': 0.9105504587155964, 'testing_loss': 0.4719364217338924, 'training_loss': 0.021029111903411522, 'variance': 0.031048670411109924, 'avg_norm_sq_drifts': 0.036042533814907074, 'norm_sq_avg_drift': 0.00499386340379715, 'round_steps': 5368}
{'round': 23, 'accuracy': 0.9334862385321101, 'testing_loss': 0.37802193399950346, 'training_loss': 0.022302565303633955, 'variance': 0.022271649911999702, 'avg_norm_sq_drifts': 0.026228656992316246, 'norm_sq_avg_drift': 0.003957006614655256, 'round_steps': 3696}
{'round': 24, 'accuracy': 0.9174311926605505, 'testing_loss': 0.5020299669985175, 'training_loss': 0.01175592298366886, 'variance': 0.02314920164644718, 'avg_norm_sq_drifts': 0.02685789205133915, 'norm_sq_avg_drift': 0.0037086911033838987, 'round_steps': 6424}
{'round': 25, 'accuracy': 0.9288990825688074, 'testing_loss': 0.37403798589219633, 'training_loss': 0.028912199027766133, 'variance': 0.014026298187673092, 'avg_norm_sq_drifts': 0.016787178814411163, 'norm_sq_avg_drift': 0.002760880859568715, 'round_steps': 2024}
{'round': 26, 'accuracy': 0.8922018348623854, 'testing_loss': 0.5843439389271793, 'training_loss': 0.02195263226171855, 'variance': 0.027219969779253006, 'avg_norm_sq_drifts': 0.03194015845656395, 'norm_sq_avg_drift': 0.004720188677310944, 'round_steps': 4928}
{'round': 27, 'accuracy': 0.8899082568807339, 'testing_loss': 0.539831446733617, 'training_loss': 0.041356347842300016, 'variance': 0.021555481478571892, 'avg_norm_sq_drifts': 0.02541041187942028, 'norm_sq_avg_drift': 0.0038549299351871014, 'round_steps': 2552}
{'round': 28, 'accuracy': 0.911697247706422, 'testing_loss': 0.46097003711474827, 'training_loss': 0.01141561966866007, 'variance': 0.02693183347582817, 'avg_norm_sq_drifts': 0.031049061566591263, 'norm_sq_avg_drift': 0.004117228556424379, 'round_steps': 7744}
{'round': 29, 'accuracy': 0.9323394495412844, 'testing_loss': 0.3778660981978805, 'training_loss': 0.030532527078828597, 'variance': 0.01355653814971447, 'avg_norm_sq_drifts': 0.015708832070231438, 'norm_sq_avg_drift': 0.0021522941533476114, 'round_steps': 2024}
{'round': 30, 'accuracy': 0.9323394495412844, 'testing_loss': 0.392861672661146, 'training_loss': 0.01913295085572981, 'variance': 0.0261213555932045, 'avg_norm_sq_drifts': 0.03087448514997959, 'norm_sq_avg_drift': 0.004753130488097668, 'round_steps': 5016}
{'round': 31, 'accuracy': 0.8967889908256881, 'testing_loss': 0.6425156716589158, 'training_loss': 0.008515417558478311, 'variance': 0.02015399932861328, 'avg_norm_sq_drifts': 0.0231410413980484, 'norm_sq_avg_drift': 0.0029870430007576942, 'round_steps': 7216}
{'round': 32, 'accuracy': 0.9036697247706422, 'testing_loss': 0.594785784466836, 'training_loss': 0.03314084849798528, 'variance': 0.01083155907690525, 'avg_norm_sq_drifts': 0.01306129526346922, 'norm_sq_avg_drift': 0.0022297364193946123, 'round_steps': 1408}
{'round': 33, 'accuracy': 0.926605504587156, 'testing_loss': 0.42304478850823585, 'training_loss': 0.008646567952401273, 'variance': 0.021372755989432335, 'avg_norm_sq_drifts': 0.02516825497150421, 'norm_sq_avg_drift': 0.0037954996805638075, 'round_steps': 7744}
{'round': 34, 'accuracy': 0.9208715596330275, 'testing_loss': 0.412404915624835, 'training_loss': 0.021201714843103108, 'variance': 0.010887143202126026, 'avg_norm_sq_drifts': 0.012462453916668892, 'norm_sq_avg_drift': 0.001575310481712222, 'round_steps': 2024}
{'round': 35, 'accuracy': 0.9243119266055045, 'testing_loss': 0.42509559779442296, 'training_loss': 0.01622392403957224, 'variance': 0.020797010511159897, 'avg_norm_sq_drifts': 0.024173326790332794, 'norm_sq_avg_drift': 0.00337631581351161, 'round_steps': 4488}
{'round': 36, 'accuracy': 0.930045871559633, 'testing_loss': 0.44483846411383954, 'training_loss': 0.01567113263357186, 'variance': 0.017989108338952065, 'avg_norm_sq_drifts': 0.021501777693629265, 'norm_sq_avg_drift': 0.0035126691218465567, 'round_steps': 4224}
{'round': 37, 'accuracy': 0.9323394495412844, 'testing_loss': 0.43228795726804703, 'training_loss': 0.01631380983192917, 'variance': 0.016344787552952766, 'avg_norm_sq_drifts': 0.019055409356951714, 'norm_sq_avg_drift': 0.002710621105507016, 'round_steps': 3608}
{'round': 38, 'accuracy': 0.9357798165137615, 'testing_loss': 0.4279684906785806, 'training_loss': 0.009421261950110053, 'variance': 0.017608707770705223, 'avg_norm_sq_drifts': 0.020548008382320404, 'norm_sq_avg_drift': 0.0029393001459538937, 'round_steps': 6248}
{'round': 39, 'accuracy': 0.930045871559633, 'testing_loss': 0.4010044463774723, 'training_loss': 0.027271743091582153, 'variance': 0.010939355939626694, 'avg_norm_sq_drifts': 0.012809673324227333, 'norm_sq_avg_drift': 0.0018703178502619267, 'round_steps': 1584}
{'round': 40, 'accuracy': 0.9288990825688074, 'testing_loss': 0.416728596261871, 'training_loss': 0.008055536404971055, 'variance': 0.020243598148226738, 'avg_norm_sq_drifts': 0.0232594795525074, 'norm_sq_avg_drift': 0.00301588186994195, 'round_steps': 7744}
{'round': 41, 'accuracy': 0.930045871559633, 'testing_loss': 0.3644462675561086, 'training_loss': 0.020638721771639893, 'variance': 0.010152224451303482, 'avg_norm_sq_drifts': 0.012124918401241302, 'norm_sq_avg_drift': 0.0019726937171071768, 'round_steps': 2112}
{'round': 42, 'accuracy': 0.930045871559633, 'testing_loss': 0.4534132057115047, 'training_loss': 0.006742576858037421, 'variance': 0.016750842332839966, 'avg_norm_sq_drifts': 0.019895950332283974, 'norm_sq_avg_drift': 0.0031451070681214333, 'round_steps': 7744}
{'round': 43, 'accuracy': 0.9346330275229358, 'testing_loss': 0.43896953754847345, 'training_loss': 0.015268289623133573, 'variance': 0.008435413241386414, 'avg_norm_sq_drifts': 0.009668305516242981, 'norm_sq_avg_drift': 0.00123289180919528, 'round_steps': 1848}
{'round': 44, 'accuracy': 0.9254587155963303, 'testing_loss': 0.4992364851570044, 'training_loss': 0.007803651433966026, 'variance': 0.01776227541267872, 'avg_norm_sq_drifts': 0.020998289808630943, 'norm_sq_avg_drift': 0.0032360150944441557, 'round_steps': 6952}
{'round': 45, 'accuracy': 0.893348623853211, 'testing_loss': 0.7036404705049728, 'training_loss': 0.004496883431815755, 'variance': 0.009928344748914242, 'avg_norm_sq_drifts': 0.01100424025207758, 'norm_sq_avg_drift': 0.0010758955031633377, 'round_steps': 5808}
{'round': 46, 'accuracy': 0.9346330275229358, 'testing_loss': 0.45588145547262765, 'training_loss': 0.03582124332931404, 'variance': 0.006754756439477205, 'avg_norm_sq_drifts': 0.00878377165645361, 'norm_sq_avg_drift': 0.002029015216976404, 'round_steps': 792}
{'round': 47, 'accuracy': 0.9346330275229358, 'testing_loss': 0.43978846989646775, 'training_loss': 0.005453302287351836, 'variance': 0.014794958755373955, 'avg_norm_sq_drifts': 0.01720455475151539, 'norm_sq_avg_drift': 0.0024095955304801464, 'round_steps': 7744}
{'round': 48, 'accuracy': 0.9334862385321101, 'testing_loss': 0.39575030722250104, 'training_loss': 0.026586359073978168, 'variance': 0.007370030507445335, 'avg_norm_sq_drifts': 0.008409727364778519, 'norm_sq_avg_drift': 0.0010396968573331833, 'round_steps': 1232}
{'round': 49, 'accuracy': 0.9288990825688074, 'testing_loss': 0.4202468441913262, 'training_loss': 0.007150991985148493, 'variance': 0.01685195416212082, 'avg_norm_sq_drifts': 0.019810086116194725, 'norm_sq_avg_drift': 0.0029581310227513313, 'round_steps': 7744}
{'round': 50, 'accuracy': 0.8956422018348624, 'testing_loss': 0.6465147311186512, 'training_loss': 0.010037649325314969, 'variance': 0.008419579826295376, 'avg_norm_sq_drifts': 0.00963951088488102, 'norm_sq_avg_drift': 0.0012199310585856438, 'round_steps': 2904}
{'round': 51, 'accuracy': 0.8841743119266054, 'testing_loss': 0.776900500906464, 'training_loss': 0.0061417099009463995, 'variance': 0.011179203167557716, 'avg_norm_sq_drifts': 0.013085456565022469, 'norm_sq_avg_drift': 0.0019062532810494304, 'round_steps': 5808}
{'round': 52, 'accuracy': 0.9059633027522935, 'testing_loss': 0.636116284687524, 'training_loss': 0.008304446859263022, 'variance': 0.007561865262687206, 'avg_norm_sq_drifts': 0.00864004623144865, 'norm_sq_avg_drift': 0.0010781807359308004, 'round_steps': 2464}
{'round': 53, 'accuracy': 0.9254587155963303, 'testing_loss': 0.4963823597520561, 'training_loss': 0.011320209975296201, 'variance': 0.011836808174848557, 'avg_norm_sq_drifts': 0.014710797928273678, 'norm_sq_avg_drift': 0.002873989986255765, 'round_steps': 3432}
{'round': 54, 'accuracy': 0.9162844036697247, 'testing_loss': 0.6483678524601797, 'training_loss': 0.004302890918031846, 'variance': 0.012337250635027885, 'avg_norm_sq_drifts': 0.01501369196921587, 'norm_sq_avg_drift': 0.002676441567018628, 'round_steps': 7744}
{'round': 55, 'accuracy': 0.9174311926605505, 'testing_loss': 0.5878848178271706, 'training_loss': 0.01667242449128569, 'variance': 0.006281726993620396, 'avg_norm_sq_drifts': 0.007440723013132811, 'norm_sq_avg_drift': 0.0011589957866817713, 'round_steps': 1320}
{'round': 56, 'accuracy': 0.9380733944954128, 'testing_loss': 0.4121035028551595, 'training_loss': 0.004477021990340963, 'variance': 0.013080893084406853, 'avg_norm_sq_drifts': 0.015401775017380714, 'norm_sq_avg_drift': 0.0023208814673125744, 'round_steps': 7744}
{'round': 57, 'accuracy': 0.8956422018348624, 'testing_loss': 0.6318180171931106, 'training_loss': 0.013402630760471674, 'variance': 0.006649148650467396, 'avg_norm_sq_drifts': 0.007657033856958151, 'norm_sq_avg_drift': 0.0010078849736601114, 'round_steps': 1760}
{'round': 58, 'accuracy': 0.8428899082568807, 'testing_loss': 1.0005422036829426, 'training_loss': 0.0034930313226086, 'variance': 0.010436506941914558, 'avg_norm_sq_drifts': 0.01182545069605112, 'norm_sq_avg_drift': 0.0013889442197978497, 'round_steps': 7744}
{'round': 59, 'accuracy': 0.8944954128440367, 'testing_loss': 0.5877883936554007, 'training_loss': 0.017084049320809695, 'variance': 0.005235717631876469, 'avg_norm_sq_drifts': 0.006726454943418503, 'norm_sq_avg_drift': 0.0014907375443726778, 'round_steps': 1232}
{'round': 60, 'accuracy': 0.9288990825688074, 'testing_loss': 0.43745185722455565, 'training_loss': 0.004866370769151455, 'variance': 0.013228632509708405, 'avg_norm_sq_drifts': 0.01600034348666668, 'norm_sq_avg_drift': 0.0027717112097889185, 'round_steps': 7744}
{'round': 61, 'accuracy': 0.9105504587155964, 'testing_loss': 0.6390930724821849, 'training_loss': 0.005914207172062055, 'variance': 0.006655452772974968, 'avg_norm_sq_drifts': 0.007800716441124678, 'norm_sq_avg_drift': 0.0011452637845650315, 'round_steps': 3344}
{'round': 62, 'accuracy': 0.9243119266055045, 'testing_loss': 0.5741505919444443, 'training_loss': 0.006764535728079531, 'variance': 0.007635250687599182, 'avg_norm_sq_drifts': 0.009374887682497501, 'norm_sq_avg_drift': 0.001739637111313641, 'round_steps': 3608}
{'round': 63, 'accuracy': 0.926605504587156, 'testing_loss': 0.5330175027063746, 'training_loss': 0.006833354638258776, 'variance': 0.008192653767764568, 'avg_norm_sq_drifts': 0.010232660919427872, 'norm_sq_avg_drift': 0.002040007384493947, 'round_steps': 3696}
{'round': 64, 'accuracy': 0.8314220183486238, 'testing_loss': 1.15699846507426, 'training_loss': 0.005950264186443763, 'variance': 0.008586466312408447, 'avg_norm_sq_drifts': 0.010189064778387547, 'norm_sq_avg_drift': 0.0016025984659790993, 'round_steps': 4312}
{'round': 65, 'accuracy': 0.8967889908256881, 'testing_loss': 0.6678531427561136, 'training_loss': 0.008628145467332149, 'variance': 0.007760666310787201, 'avg_norm_sq_drifts': 0.010976701974868774, 'norm_sq_avg_drift': 0.003216035896912217, 'round_steps': 3080}
{'round': 66, 'accuracy': 0.9243119266055045, 'testing_loss': 0.47969586047264606, 'training_loss': 0.0035116146612356744, 'variance': 0.0095532750710845, 'avg_norm_sq_drifts': 0.010988297872245312, 'norm_sq_avg_drift': 0.001435023033991456, 'round_steps': 7744}
{'round': 67, 'accuracy': 0.911697247706422, 'testing_loss': 0.5776563815722235, 'training_loss': 0.01390433735950675, 'variance': 0.004752723034471273, 'avg_norm_sq_drifts': 0.005399015732109547, 'norm_sq_avg_drift': 0.0006462926394306123, 'round_steps': 1056}
{'round': 68, 'accuracy': 0.9231651376146789, 'testing_loss': 0.4845277719489227, 'training_loss': 0.0041163513344073584, 'variance': 0.011487992480397224, 'avg_norm_sq_drifts': 0.014304662123322487, 'norm_sq_avg_drift': 0.002816669875755906, 'round_steps': 7744}
{'round': 69, 'accuracy': 0.9139908256880734, 'testing_loss': 0.5525567748966859, 'training_loss': 0.011721548566721408, 'variance': 0.005755161866545677, 'avg_norm_sq_drifts': 0.00705610541626811, 'norm_sq_avg_drift': 0.0013009434333071113, 'round_steps': 1672}
{'round': 70, 'accuracy': 0.8772935779816514, 'testing_loss': 0.8418888376730663, 'training_loss': 0.0034634923984941932, 'variance': 0.010051276534795761, 'avg_norm_sq_drifts': 0.011675379239022732, 'norm_sq_avg_drift': 0.0016241027042269707, 'round_steps': 7744}
{'round': 71, 'accuracy': 0.9426605504587156, 'testing_loss': 0.41185613405096616, 'training_loss': 0.013550631127900361, 'variance': 0.005066503770649433, 'avg_norm_sq_drifts': 0.008020643144845963, 'norm_sq_avg_drift': 0.0029541391413658857, 'round_steps': 1496}
Finished Testing!
