Using device: cuda:0
{'checkpoint': 'roberta-base',
 'ds_path': 'glue',
 'ds_name': 'sst2',
 'num_labels': 2,
 'num_clients': 100,
 'clients_per_round': 10,
 'alpha': 1.0,
 'batch_size': 8,
 'local_epochs': 1,
 'max_epochs': 88,
 'total_rounds': 200,
 'fda': True,
 'theta': 0.0,
 'extras': '',
 'server_opt_name': 'SGD',
 'server_opt_lr': 1.0,
 'client_opt_name': 'SGD',
 'client_opt_lr': 0.001}

{'round': 1, 'accuracy': 0.4908256880733945, 'testing_loss': 0.7112812120980079, 'training_loss': 0.4763949740667489, 'variance': 0.012285305187106133, 'avg_norm_sq_drifts': 0.013488157652318478, 'norm_sq_avg_drift': 0.0012028521159663796, 'round_steps': 88}
{'round': 2, 'accuracy': 0.7981651376146789, 'testing_loss': 0.44239370230961284, 'training_loss': 0.19778312591253827, 'variance': 0.5413716435432434, 'avg_norm_sq_drifts': 0.7189331650733948, 'norm_sq_avg_drift': 0.17756150662899017, 'round_steps': 2376}
{'round': 3, 'accuracy': 0.9139908256880734, 'testing_loss': 0.2986056652697606, 'training_loss': 0.12256400112314683, 'variance': 0.8995991945266724, 'avg_norm_sq_drifts': 1.142137885093689, 'norm_sq_avg_drift': 0.2425386905670166, 'round_steps': 2464}
{'round': 4, 'accuracy': 0.9139908256880734, 'testing_loss': 0.34161485415010784, 'training_loss': 0.044070348166556625, 'variance': 1.4058032035827637, 'avg_norm_sq_drifts': 1.6721495389938354, 'norm_sq_avg_drift': 0.26634636521339417, 'round_steps': 5456}
{'round': 5, 'accuracy': 0.9185779816513762, 'testing_loss': 0.4158195018252452, 'training_loss': 0.012321617477115705, 'variance': 0.7345123887062073, 'avg_norm_sq_drifts': 0.8301023840904236, 'norm_sq_avg_drift': 0.09558999538421631, 'round_steps': 7744}
{'round': 6, 'accuracy': 0.8772935779816514, 'testing_loss': 0.6008631881226844, 'training_loss': 0.03817618258402157, 'variance': 0.3696698844432831, 'avg_norm_sq_drifts': 0.4159642159938812, 'norm_sq_avg_drift': 0.04629433900117874, 'round_steps': 1760}
{'round': 7, 'accuracy': 0.9243119266055045, 'testing_loss': 0.3289845365146602, 'training_loss': 0.05285559520806997, 'variance': 0.8098503947257996, 'avg_norm_sq_drifts': 0.916644275188446, 'norm_sq_avg_drift': 0.10679388046264648, 'round_steps': 2552}
{'round': 8, 'accuracy': 0.9185779816513762, 'testing_loss': 0.3856045269004684, 'training_loss': 0.023984275638724052, 'variance': 1.2219246625900269, 'avg_norm_sq_drifts': 1.3885809183120728, 'norm_sq_avg_drift': 0.1666562557220459, 'round_steps': 6160}
{'round': 9, 'accuracy': 0.9231651376146789, 'testing_loss': 0.4298548691624609, 'training_loss': 0.020948402494334606, 'variance': 0.7772642374038696, 'avg_norm_sq_drifts': 0.8736407160758972, 'norm_sq_avg_drift': 0.09637647122144699, 'round_steps': 4752}
{'round': 10, 'accuracy': 0.9139908256880734, 'testing_loss': 0.4739332547329351, 'training_loss': 0.018356189320264484, 'variance': 0.6325559616088867, 'avg_norm_sq_drifts': 0.7094990015029907, 'norm_sq_avg_drift': 0.0769430622458458, 'round_steps': 4840}
{'round': 11, 'accuracy': 0.908256880733945, 'testing_loss': 0.5032008563483016, 'training_loss': 0.02846263223269732, 'variance': 0.50529944896698, 'avg_norm_sq_drifts': 0.5649017691612244, 'norm_sq_avg_drift': 0.05960230529308319, 'round_steps': 2464}
{'round': 12, 'accuracy': 0.9277522935779816, 'testing_loss': 0.3735890674053084, 'training_loss': 0.015307147888855083, 'variance': 0.812626302242279, 'avg_norm_sq_drifts': 0.9162856936454773, 'norm_sq_avg_drift': 0.10365939140319824, 'round_steps': 6336}
{'round': 13, 'accuracy': 0.9174311926605505, 'testing_loss': 0.4714266255957453, 'training_loss': 0.006522385908995667, 'variance': 0.4561690092086792, 'avg_norm_sq_drifts': 0.5117436051368713, 'norm_sq_avg_drift': 0.05557458475232124, 'round_steps': 7744}
{'round': 14, 'accuracy': 0.926605504587156, 'testing_loss': 0.34470588785402345, 'training_loss': 0.049107637235086196, 'variance': 0.2396184653043747, 'avg_norm_sq_drifts': 0.26851195096969604, 'norm_sq_avg_drift': 0.02889348939061165, 'round_steps': 880}
{'round': 15, 'accuracy': 0.9323394495412844, 'testing_loss': 0.33329425160704346, 'training_loss': 0.00928264386236317, 'variance': 0.7018678188323975, 'avg_norm_sq_drifts': 0.7881786227226257, 'norm_sq_avg_drift': 0.08631081879138947, 'round_steps': 7744}
{'round': 16, 'accuracy': 0.9197247706422018, 'testing_loss': 0.4146760042428777, 'training_loss': 0.025239369546912156, 'variance': 0.351183146238327, 'avg_norm_sq_drifts': 0.39207229018211365, 'norm_sq_avg_drift': 0.04088915139436722, 'round_steps': 1936}
{'round': 17, 'accuracy': 0.9311926605504587, 'testing_loss': 0.36974396032847007, 'training_loss': 0.014062083302807579, 'variance': 0.6959161162376404, 'avg_norm_sq_drifts': 0.7797667384147644, 'norm_sq_avg_drift': 0.08385063707828522, 'round_steps': 5632}
{'round': 18, 'accuracy': 0.9323394495412844, 'testing_loss': 0.3648010452380823, 'training_loss': 0.013537763478963794, 'variance': 0.48198649287223816, 'avg_norm_sq_drifts': 0.5381412506103516, 'norm_sq_avg_drift': 0.056154750287532806, 'round_steps': 4488}
{'round': 19, 'accuracy': 0.9323394495412844, 'testing_loss': 0.33518348664051073, 'training_loss': 0.021787048079649683, 'variance': 0.4231696128845215, 'avg_norm_sq_drifts': 0.4730384349822998, 'norm_sq_avg_drift': 0.04986881837248802, 'round_steps': 2728}
{'round': 20, 'accuracy': 0.9323394495412844, 'testing_loss': 0.3891574791287652, 'training_loss': 0.007360570212122502, 'variance': 0.49554041028022766, 'avg_norm_sq_drifts': 0.5537471771240234, 'norm_sq_avg_drift': 0.05820675939321518, 'round_steps': 7744}
{'round': 21, 'accuracy': 0.9346330275229358, 'testing_loss': 0.3225192090014739, 'training_loss': 0.019267883988764407, 'variance': 0.24676382541656494, 'avg_norm_sq_drifts': 0.27500036358833313, 'norm_sq_avg_drift': 0.02823653444647789, 'round_steps': 2024}
{'round': 22, 'accuracy': 0.930045871559633, 'testing_loss': 0.3886186619704216, 'training_loss': 0.012771459932758225, 'variance': 0.4725594222545624, 'avg_norm_sq_drifts': 0.5272572636604309, 'norm_sq_avg_drift': 0.05469784513115883, 'round_steps': 3960}
{'round': 23, 'accuracy': 0.9357798165137615, 'testing_loss': 0.3200687248471353, 'training_loss': 0.010078261549225207, 'variance': 0.46377915143966675, 'avg_norm_sq_drifts': 0.5185443758964539, 'norm_sq_avg_drift': 0.05476521700620651, 'round_steps': 4840}
{'round': 24, 'accuracy': 0.9346330275229358, 'testing_loss': 0.34239240507083923, 'training_loss': 0.006738138869607851, 'variance': 0.3679766058921814, 'avg_norm_sq_drifts': 0.41089168190956116, 'norm_sq_avg_drift': 0.04291508346796036, 'round_steps': 5808}
{'round': 25, 'accuracy': 0.9357798165137615, 'testing_loss': 0.34792215118812553, 'training_loss': 0.014699462502719718, 'variance': 0.24863813817501068, 'avg_norm_sq_drifts': 0.2795701324939728, 'norm_sq_avg_drift': 0.030931998044252396, 'round_steps': 2288}
{'round': 26, 'accuracy': 0.9346330275229358, 'testing_loss': 0.3654064161593951, 'training_loss': 0.012466344725430714, 'variance': 0.42151787877082825, 'avg_norm_sq_drifts': 0.47033920884132385, 'norm_sq_avg_drift': 0.0488213375210762, 'round_steps': 4136}
{'round': 27, 'accuracy': 0.9369266055045872, 'testing_loss': 0.31851212199302226, 'training_loss': 0.023062351025362172, 'variance': 0.3942629396915436, 'avg_norm_sq_drifts': 0.4399450719356537, 'norm_sq_avg_drift': 0.045682135969400406, 'round_steps': 2376}
{'round': 28, 'accuracy': 0.9197247706422018, 'testing_loss': 0.5131935924910568, 'training_loss': 0.005599468593200168, 'variance': 0.37288859486579895, 'avg_norm_sq_drifts': 0.41625428199768066, 'norm_sq_avg_drift': 0.043365683406591415, 'round_steps': 7744}
{'round': 29, 'accuracy': 0.9380733944954128, 'testing_loss': 0.2834312376810076, 'training_loss': 0.021846058355600252, 'variance': 0.18620207905769348, 'avg_norm_sq_drifts': 0.2089071124792099, 'norm_sq_avg_drift': 0.02270502783358097, 'round_steps': 1408}
{'round': 30, 'accuracy': 0.9288990825688074, 'testing_loss': 0.45329986864350064, 'training_loss': 0.01129983913495919, 'variance': 0.5132814645767212, 'avg_norm_sq_drifts': 0.57510906457901, 'norm_sq_avg_drift': 0.061827585101127625, 'round_steps': 4840}
{'round': 31, 'accuracy': 0.9128440366972477, 'testing_loss': 0.5016314546568154, 'training_loss': 0.004956591316570101, 'variance': 0.39615535736083984, 'avg_norm_sq_drifts': 0.44028812646865845, 'norm_sq_avg_drift': 0.0441327840089798, 'round_steps': 7744}
{'round': 32, 'accuracy': 0.9403669724770642, 'testing_loss': 0.30880540837539444, 'training_loss': 0.022885096701683674, 'variance': 0.1965993046760559, 'avg_norm_sq_drifts': 0.22007790207862854, 'norm_sq_avg_drift': 0.02347859926521778, 'round_steps': 1232}
Finished Testing!
